<?xml version="1.0" encoding="UTF-8"?>
<!-- Generated by org.testng.reporters.JUnitReportReporter -->
<testsuite hostname="Rasel" name="upskill.runners.RunnerClass" tests="1" failures="0" timestamp="25 Jan 2025 21:28:58 GMT" time="4.890" errors="0">
  <testcase name="feature" time="4.890" classname="upskill.runners.RunnerClass"/>
</testsuite> <!-- upskill.runners.RunnerClass -->
